<?xml version="1.0" encoding="UTF-8"?>
<!-- Generated by org.testng.reporters.JUnitXMLReporter -->
<testsuite ignored="7" hostname="XD-KUMARAR-CNT" failures="0" tests="2" name="Test" time="163.923" errors="0" timestamp="2024-06-17T16:44:29 IST">
  <testcase classname="Runner_Sprint_35.Runner" name="Runner_1495" time="114.587"/>
  <testcase classname="Runner_Sprint_35.Runner" name="Runner_1489" time="42.66"/>
  <testcase classname="Runner_Sprint_35.Runner" name="Released_Status_update_1493" time="0.0">
    <ignored/>
  </testcase> <!-- Released_Status_update_1493 -->
  <testcase classname="Runner_Sprint_35.Runner" name="Shortage_Status_update_1493" time="0.0">
    <ignored/>
  </testcase> <!-- Shortage_Status_update_1493 -->
  <testcase classname="Runner_Sprint_35.Runner" name="Cancelled_Status_update_1493" time="0.0">
    <ignored/>
  </testcase> <!-- Cancelled_Status_update_1493 -->
  <testcase classname="Runner_Sprint_35.Runner" name="Overage_Status_update_1493" time="0.0">
    <ignored/>
  </testcase> <!-- Overage_Status_update_1493 -->
  <testcase classname="Runner_Sprint_35.Runner" name="Loaded_Status_Update_1493" time="0.0">
    <ignored/>
  </testcase> <!-- Loaded_Status_Update_1493 -->
  <testcase classname="Runner_Sprint_35.Runner" name="Runner_1113" time="0.0">
    <ignored/>
  </testcase> <!-- Runner_1113 -->
  <testcase classname="Runner_Sprint_35.Runner" name="Received_Status_Update_1493" time="0.0">
    <ignored/>
  </testcase> <!-- Received_Status_Update_1493 -->
</testsuite> <!-- Test -->
